<?xml version="1.0" encoding="UTF-8"?>
<!-- Generated by org.testng.reporters.JUnitXMLReporter -->
<testsuite hostname="admin-PC" ignored="4" name="Capsulecrmapplication test" tests="3" failures="1" timestamp="26 May 2019 14:15:28 GMT" time="9.369" errors="0">
  <testcase name="UserLogin" time="4.046" classname="com.capsulecrm.testcases.TC_Loginpage_001"/>
  <testcase name="Addnewperson" time="3.824" classname="com.capsulecrm.testcases.TC_AddPerson_002"/>
  <testcase name="AddDetails" time="1.449" classname="com.capsulecrm.testcases.TC_AddNewPersonDetails_003">
    <failure type="org.testng.internal.reflect.MethodMatcherException" message="
Data provider mismatch
Method: AddDetails([Parameter{index=0, type=java.lang.String, declaredAnnotations=[]}, Parameter{index=1, type=java.lang.String, declaredAnnotations=[]}, Parameter{index=2, type=java.lang.String, declaredAnnotations=[]}, Parameter{index=3, type=java.lang.String, declaredAnnotations=[]}, Parameter{index=4, type=java.lang.String, declaredAnnotations=[]}])
Arguments: [(java.lang.String)naidu,(java.lang.String)challa,(java.lang.String)QE,(java.lang.String)MICRO,(java.lang.String)8121950273,(java.lang.String)naidupcn119@gmail.com]">
      <![CDATA[org.testng.internal.reflect.MethodMatcherException: 
Data provider mismatch
Method: AddDetails([Parameter{index=0, type=java.lang.String, declaredAnnotations=[]}, Parameter{index=1, type=java.lang.String, declaredAnnotations=[]}, Parameter{index=2, type=java.lang.String, declaredAnnotations=[]}, Parameter{index=3, type=java.lang.String, declaredAnnotations=[]}, Parameter{index=4, type=java.lang.String, declaredAnnotations=[]}])
Arguments: [(java.lang.String)naidu,(java.lang.String)challa,(java.lang.String)QE,(java.lang.String)MICRO,(java.lang.String)8121950273,(java.lang.String)naidupcn119@gmail.com]
... Removed 20 stack frames]]>
    </failure>
  </testcase> <!-- AddDetails -->
  <testcase name="@BeforeSuite SetUp" time="0.0" classname="com.capsulecrm.testcases.BaseClass">
    <ignored/>
  </testcase> <!-- @BeforeSuite SetUp -->
  <testcase name="@BeforeSuite SetUp" time="0.0" classname="com.capsulecrm.testcases.BaseClass">
    <ignored/>
  </testcase> <!-- @BeforeSuite SetUp -->
  <testcase name="@AfterSuite Close" time="0.0" classname="com.capsulecrm.testcases.BaseClass">
    <ignored/>
  </testcase> <!-- @AfterSuite Close -->
  <testcase name="@AfterSuite Close" time="0.0" classname="com.capsulecrm.testcases.BaseClass">
    <ignored/>
  </testcase> <!-- @AfterSuite Close -->
</testsuite> <!-- Capsulecrmapplication test -->
