<?xml version="1.0" encoding="UTF-8"?>
<!-- Generated by org.testng.reporters.JUnitXMLReporter -->
<testsuite hostname="admin-PC" name="Capsulecrmapplication test" tests="3" failures="0" timestamp="27 May 2019 15:17:14 GMT" time="10.206" errors="0">
  <testcase name="UserLogin" time="4.086" classname="com.capsulecrm.testcases.TC_Loginpage_001"/>
  <testcase name="Addnewperson" time="5.43" classname="com.capsulecrm.testcases.TC_AddPerson_002"/>
  <testcase name="verfication_person" time="0.357" classname="com.capsulecrm.testcases.TC_AddNewPersonDetails_003"/>
</testsuite> <!-- Capsulecrmapplication test -->
