<?xml version="1.0" encoding="UTF-8"?>
<testng-results skipped="0" failed="0" total="3" passed="3">
  <reporter-output>
  </reporter-output>
  <suite name="Capsulecrm" duration-ms="10206" started-at="2019-05-27T15:17:04Z" finished-at="2019-05-27T15:17:14Z">
    <groups>
    </groups>
    <test name="Capsulecrmapplication test" duration-ms="10206" started-at="2019-05-27T15:17:04Z" finished-at="2019-05-27T15:17:14Z">
      <class name="com.capsulecrm.testcases.TC_AddPerson_002">
        <test-method status="PASS" signature="Addnewperson()[pri:2, instance:com.capsulecrm.testcases.TC_AddPerson_002@cb644e]" name="Addnewperson" duration-ms="5430" started-at="2019-05-27T20:47:08Z" finished-at="2019-05-27T20:47:14Z">
          <reporter-output>
          </reporter-output>
        </test-method> <!-- Addnewperson -->
      </class> <!-- com.capsulecrm.testcases.TC_AddPerson_002 -->
      <class name="com.capsulecrm.testcases.TC_Loginpage_001">
        <test-method status="PASS" signature="SetUp()[pri:0, instance:com.capsulecrm.testcases.TC_Loginpage_001@5cb9f472]" name="SetUp" is-config="true" duration-ms="18482" started-at="2019-05-27T20:46:45Z" finished-at="2019-05-27T20:47:04Z">
          <reporter-output>
          </reporter-output>
        </test-method> <!-- SetUp -->
        <test-method status="PASS" signature="UserLogin()[pri:1, instance:com.capsulecrm.testcases.TC_Loginpage_001@5cb9f472]" name="UserLogin" duration-ms="4086" started-at="2019-05-27T20:47:04Z" finished-at="2019-05-27T20:47:08Z">
          <reporter-output>
          </reporter-output>
        </test-method> <!-- UserLogin -->
      </class> <!-- com.capsulecrm.testcases.TC_Loginpage_001 -->
      <class name="com.capsulecrm.testcases.TC_AddNewPersonDetails_003">
        <test-method status="PASS" signature="verfication_person()[pri:4, instance:com.capsulecrm.testcases.TC_AddNewPersonDetails_003@13805618]" name="verfication_person" duration-ms="357" started-at="2019-05-27T20:47:14Z" finished-at="2019-05-27T20:47:14Z">
          <reporter-output>
          </reporter-output>
        </test-method> <!-- verfication_person -->
      </class> <!-- com.capsulecrm.testcases.TC_AddNewPersonDetails_003 -->
    </test> <!-- Capsulecrmapplication test -->
  </suite> <!-- Capsulecrm -->
</testng-results>
